Arguments: 
  /usr/local/bin/node /home/cgama/.yarn/bin/yarn.js init

PATH: 
  /home/cgama/.yarn/bin:/home/cgama/.config/yarn/global/node_modules/.bin:/home/cgama/bin:/home/cgama/.local/bin:/home/cgama/.yarn/bin:/home/cgama/.config/yarn/global/node_modules/.bin:/home/cgama/bin:/home/cgama/.local/bin:/usr/local/sbin:/usr/local/bin:/usr/sbin:/usr/bin:/sbin:/bin:/usr/games:/usr/local/games:/snap/bin:/home/cgama/Android/Sdk/tools:/home/cgama/Android/Sdk/platform-tools:/home/cgama/Android/Sdk/tools:/home/cgama/Android/Sdk/platform-tools

Yarn version: 
  1.12.3

Node version: 
  11.10.0

Platform: 
  linux x64

Trace: 
  Error: canceled
      at Interface.<anonymous> (/home/cgama/.yarn/lib/cli.js:125278:13)
      at Interface.emit (events.js:197:13)
      at Interface._ttyWrite (readline.js:799:16)
      at ReadStream.onkeypress (readline.js:184:10)
      at ReadStream.emit (events.js:197:13)
      at emitKeys (internal/readline.js:424:14)
      at emitKeys.next (<anonymous>)
      at ReadStream.onData (readline.js:1071:36)
      at ReadStream.emit (events.js:197:13)
      at addChunk (_stream_readable.js:288:12)

npm manifest: 
  No manifest

yarn manifest: 
  No manifest

Lockfile: 
  No lockfile
